<?xml version="1.0" encoding="UTF-8"?>
<!-- Generated by org.testng.reporters.JUnitXMLReporter -->
<testsuite ignored="0" hostname="192.168.0.32" failures="1" tests="1" name="Surefire test" time="27.092" errors="0" timestamp="2024-12-13T16:54:35 WIB">
  <testcase classname="tests.BusTicketOnlineTest" name="testBookingSearch" time="20.758">
    <failure type="java.lang.AssertionError" message="The page title after form submission is incorrect. expected [true] but found [false]">
      <![CDATA[java.lang.AssertionError: The page title after form submission is incorrect. expected [true] but found [false]
at tests.BusTicketOnlineTest.testBookingSearch(BusTicketOnlineTest.java:33)
at java.base/java.util.ArrayList.forEach(ArrayList.java:1511)
... Removed 35 stack frames]]>
    </failure>
  </testcase> <!-- testBookingSearch -->
</testsuite> <!-- Surefire test -->
